"../../../VRISprototype/Content/StarterContent/Character/Player_Start_Blueprint.uasset" 0
"../../../Engine/Content/EditorBlueprintResources/StandardMacros.uasset" 1
"../../../Engine/Content/EngineSky/C_Sky_Cloud_Color.uasset" 2
"../../../Engine/Content/EngineSky/C_Sky_Horizon_Color.uasset" 3
"../../../Engine/Content/EngineSky/C_Sky_Zenith_Color.uasset" 4
"../../../Engine/Content/EngineSky/T_Sky_Blue.uasset" 5
"../../../Engine/Content/EngineSky/T_Sky_Clouds_M.uasset" 6
"../../../Engine/Content/EngineSky/T_Sky_Stars.uasset" 7
"../../../Engine/Content/EngineSky/SM_SkySphere.uasset" 8
"../../../Engine/Content/EngineSky/M_Sky_Panning_Clouds2.uasset" 9
"../../../Engine/Content/EngineSky/BP_Sky_Sphere.uasset" 10
"../../../Engine/Content/BasicShapes/BasicShapeMaterial.uasset" 11
"../../../Engine/Content/Functions/Engine_MaterialFunctions01/Opacity/CameraDepthFade.uasset" 12
"../../../Engine/Content/EngineMaterials/T_Default_Material_Grid_M.uasset" 13
"../../../Engine/Content/EngineMaterials/T_Default_Material_Grid_N.uasset" 14
"../../../Engine/Content/EngineMaterials/WorldGridMaterial.uasset" 15
"../../../VRISprototype/Content/StarterContent/Textures/T_Concrete_Tiles_D.uasset" 16
"../../../VRISprototype/Content/StarterContent/Textures/T_Concrete_Tiles_M.uasset" 17
"../../../VRISprototype/Content/StarterContent/Textures/T_Concrete_Tiles_N.uasset" 18
"../../../VRISprototype/Content/StarterContent/Textures/T_Concrete_Tiles_Variation_M.uasset" 19
"../../../VRISprototype/Content/StarterContent/Textures/T_MacroVariation.uasset" 20
"../../../VRISprototype/Content/StarterContent/Materials/M_Concrete_Tiles.uasset" 21
"../../../VRISprototype/Content/StarterContent/Textures/T_Ground_Gravel_D.uasset" 22
"../../../VRISprototype/Content/StarterContent/Textures/T_Ground_Gravel_N.uasset" 23
"../../../VRISprototype/Content/StarterContent/Textures/T_Perlin_Noise_M.uasset" 24
"../../../VRISprototype/Content/StarterContent/Materials/M_Ground_Gravel.uasset" 25
"../../../VRISprototype/Content/StarterContent/Textures/T_Rock_Slate_D.uasset" 26
"../../../VRISprototype/Content/StarterContent/Textures/T_Rock_Slate_N.uasset" 27
"../../../VRISprototype/Content/StarterContent/Materials/M_Rock_Slate.uasset" 28
"../../../Engine/Content/Functions/Engine_MaterialFunctions02/Utility/BlendAngleCorrectedNormals.uasset" 29
"../../../VRISprototype/Content/StarterContent/Textures/T_Tech_Hex_Tile_M.uasset" 30
"../../../VRISprototype/Content/StarterContent/Textures/T_Tech_Hex_Tile_N.uasset" 31
"../../../VRISprototype/Content/StarterContent/Materials/M_Tech_Hex_Tile.uasset" 32
"../../../Engine/Content/BasicShapes/Cube.uasset" 33
"../../../Engine/Content/EngineMaterials/DefaultPhysicalMaterial.uasset" 34
"../../../VRISprototype/Content/StarterContent/Maps/Minimal_Default.umap" 35
"../../../Engine/Content/EditorResources/S_Actor.uasset" 36
"../../../Engine/Content/EditorResources/S_Emitter.uasset" 37
"../../../Engine/Content/EditorResources/Bad.uasset" 38
"../../../Engine/Content/EditorResources/Bkgnd.uasset" 39
"../../../Engine/Content/EditorResources/BkgndHi.uasset" 40
"../../../Engine/Content/EditorMeshes/EditorCube.uasset" 41
"../../../Engine/Content/EditorMeshes/EditorSphere.uasset" 42
"../../../Engine/Content/EditorMeshes/EditorPlane.uasset" 43
"../../../Engine/Content/EditorMeshes/EditorCylinder.uasset" 44
"../../../Engine/Content/EngineFonts/Roboto.uasset" 45
"../../../Engine/Content/Maps/Templates/Thumbnails/Default.uasset" 46
"../../../Engine/Content/Functions/Engine_MaterialFunctions01/Shading/PowerToRoughness.uasset" 47
"../../../Engine/Content/EngineMaterials/DefaultDiffuse.uasset" 48
"../../../Engine/Content/EngineMaterials/DefaultDeferredDecalMaterial.uasset" 49
"../../../Engine/Content/EngineMaterials/DefaultLightFunctionMaterial.uasset" 50
"../../../Engine/Content/Functions/Engine_MaterialFunctions02/Utility/BreakOutFloat2Components.uasset" 51
"../../../Engine/Content/EngineMaterials/DefaultPostProcessMaterial.uasset" 52
"../../../Engine/Content/EditorMaterials/Thumbnails/SkySphereMaterial.uasset" 53
"../../../Engine/Content/EditorMeshes/EditorSkySphere.uasset" 54
"../../../Engine/Content/EngineMaterials/Grid.uasset" 55
"../../../Engine/Content/EditorMaterials/Thumbnails/FloorPlaneMaterial.uasset" 56
"../../../Engine/Content/MapTemplates/Sky/DaylightAmbientCubemap.uasset" 57
"../../../Engine/Content/EditorMaterials/ParticleSystems/PSysThumbnail_NoImage.uasset" 58
"../../../Engine/Content/EditorMaterials/ParticleSystems/PSysThumbnail_OOD.uasset" 59
"../../../Engine/Content/EditorResources/S_DecalActorIcon.uasset" 60
"../../../Engine/Content/EditorLandscapeResources/LandscapeGizmo_Mat.uasset" 61
"../../../Engine/Content/EditorLandscapeResources/LandscapeGizmo_Mat_Copied.uasset" 62
"../../../Engine/Content/EditorLandscapeResources/LandscapeGizmoHeight_Mat.uasset" 63
"../../../Engine/Content/EditorLandscapeResources/DataLayer.uasset" 64
"../../../Engine/Content/EditorResources/S_Terrain.uasset" 65
"../../../Engine/Content/EditorLandscapeResources/SplineEditorMeshMat.uasset" 66
"../../../Engine/Content/EditorLandscapeResources/SplineEditorMesh.uasset" 67
"../../../Engine/Content/EngineResources/DefaultTexture.uasset" 68
"../../../Engine/Content/Functions/Engine_MaterialFunctions02/Texturing/ScreenAlignedUVs.uasset" 69
"../../../Engine/Content/EngineResources/WhiteSquareTexture.uasset" 70
"../../../Engine/Content/EngineMaterials/Widget3DPassThrough.uasset" 71
"../../../Engine/Content/EngineMaterials/Widget3DPassThrough_Translucent.uasset" 72
"../../../Engine/Content/EngineMaterials/Widget3DPassThrough_Translucent_OneSided.uasset" 73
"../../../Engine/Content/EngineMaterials/Widget3DPassThrough_Opaque.uasset" 74
"../../../Engine/Content/EngineMaterials/Widget3DPassThrough_Opaque_OneSided.uasset" 75
"../../../Engine/Content/EngineMaterials/Widget3DPassThrough_Masked.uasset" 76
"../../../Engine/Content/EngineMaterials/Widget3DPassThrough_Masked_OneSided.uasset" 77
"../../../Engine/Content/EditorResources/MatineeCam_D.uasset" 78
"../../../Engine/Content/EditorMaterials/MatineeCam_mat.uasset" 79
"../../../Engine/Content/EditorMeshes/MatineeCam_SM.uasset" 80
"../../../Engine/Content/Functions/Engine_MaterialFunctions02/Utility/Sign.uasset" 81
"../../../Engine/Content/Functions/Engine_MaterialFunctions02/Utility/Round.uasset" 82
"../../../Engine/Content/Functions/Engine_MaterialFunctions02/ExampleContent/Textures/flipbook.uasset" 83
"../../../Engine/Content/Functions/Engine_MaterialFunctions02/Texturing/FlipBook.uasset" 84
"../../../Engine/Content/EditorResources/T_EditorHelp.uasset" 85
"../../../Engine/Content/EditorMaterials/HelpActorMaterial.uasset" 86
"../../../Engine/Content/EditorResources/S_ExpoHeightFog.uasset" 87
"../../../Engine/Content/EditorResources/S_NavP.uasset" 88
"../../../Engine/Content/EditorResources/S_Player.uasset" 89
"../../../Engine/Content/EditorResources/LightIcons/SkyLight.uasset" 90
"../../../Engine/Content/EditorResources/S_WindDirectional.uasset" 91
"../../../Engine/Content/EngineDamageTypes/DmgTypeBP_Environmental.uasset" 92
"../../../Engine/Content/EditorResources/LightIcons/S_LightDirectional.uasset" 93
"../../../Engine/Content/EditorResources/LightIcons/S_LightDirectionalMove.uasset" 94
"../../../Engine/Content/EditorResources/LightIcons/S_LightPoint.uasset" 95
"../../../Engine/Content/EditorResources/LightIcons/S_LightPointMove.uasset" 96
"../../../Engine/Content/EditorResources/LightIcons/S_LightSpot.uasset" 97
"../../../Engine/Content/EditorResources/LightIcons/S_LightSpotMove.uasset" 98
"../../../Engine/Content/EditorResources/MatInstActSprite.uasset" 99
"../../../Engine/Content/EditorResources/SceneManager.uasset" 100
"../../../Engine/Content/EditorResources/AI/S_NavLink.uasset" 101
"../../../Engine/Content/EditorResources/S_Note.uasset" 102
"../../../Engine/Content/EngineMeshes/Sphere.uasset" 103
"../../../Engine/Content/EditorResources/S_ReflActorIcon.uasset" 104
"../../../Engine/Content/EditorResources/S_Thruster.uasset" 105
"../../../Engine/Content/EditorResources/S_RadForce.uasset" 106
"../../../Engine/Content/EditorMaterials/TargetIcon.uasset" 107
"../../../Engine/Content/EngineFonts/RobotoDistanceField.uasset" 108
"../../../Engine/Content/EngineMaterials/DefaultTextMaterialOpaque.uasset" 109
"../../../Engine/Content/EditorResources/S_TextRenderActorIcon.uasset" 110
"../../../Engine/Content/EditorResources/S_Trigger.uasset" 111
"../../../Engine/Content/EditorResources/S_VectorFieldVol.uasset" 112
"../../../Engine/Content/EngineResources/GradientTexture0.uasset" 113
"../../../Engine/Content/EngineResources/Black.uasset" 114
"../../../Engine/Content/EditorMaterials/MatineeGroups/MAT_Groups_Float.uasset" 115
"../../../Engine/Content/EditorMaterials/MatineeGroups/MAT_Groups_Director.uasset" 116
"../../../Engine/Content/EditorMaterials/MatineeGroups/MAT_Groups_Event.uasset" 117
"../../../Engine/Content/EditorMaterials/MatineeGroups/MAT_Groups_Anim.uasset" 118
"../../../Engine/Content/EditorMaterials/MatineeGroups/MAT_Groups_Fade.uasset" 119
"../../../Engine/Content/EditorMaterials/MatineeGroups/MAT_Groups_Move.uasset" 120
"../../../Engine/Content/EditorMaterials/MatineeGroups/MAT_Groups_Slomo.uasset" 121
"../../../Engine/Content/EditorMaterials/MatineeGroups/MAT_ColorTrack.uasset" 122
"../../../Engine/Content/EditorMaterials/MAT_Groups_Toggle.uasset" 123
"../../../Engine/Content/EditorMaterials/MatineeGroups/MAT_Groups_AudioMaster.uasset" 124
"../../../Engine/Content/EditorMaterials/MatineeGroups/MAT_Groups_Sound.uasset" 125
"../../../Engine/Content/EditorMaterials/MatineeGroups/MAT_Groups_Vector.uasset" 126
"../../../Engine/Content/EditorMaterials/MAT_Groups_Visibility.uasset" 127
"../../../Engine/Content/EngineResources/DefaultTextureCube.uasset" 128
"../../../Engine/Content/EngineMaterials/DefaultMaterial.uasset" 129
"../../../Engine/Content/EngineMeshes/Cylinder.uasset" 130
"../../../Engine/Content/EngineTireTypes/DefaultTireType.uasset" 131
"../../../Engine/Content/EditorResources/S_FTest.uasset" 132
"../../../Engine/Content/EngineResources/AICON-Red.uasset" 133
"../../../Engine/Content/EngineResources/AICON-Green.uasset" 134
"../../../Engine/Plugins/2D/Paper2D/Content/PlaceholderTextures/DummySpriteTexture.uasset" 135
"../../../Engine/Plugins/2D/Paper2D/Content/DefaultSpriteMaterial.uasset" 136
"../../../Engine/Plugins/2D/Paper2D/Content/MaskedUnlitSpriteMaterial.uasset" 137
"../../../Engine/Plugins/2D/Paper2D/Content/OpaqueUnlitSpriteMaterial.uasset" 138
"../../../Engine/Plugins/2D/Paper2D/Content/DummySprite.uasset" 139
"../../../Engine/Plugins/2D/Paper2D/Content/DefaultPaperTerrainMaterial.uasset" 140
"../../../Engine/Content/EditorSounds/Notifications/CompileSuccess.uasset" 141
"../../../Engine/Content/EditorSounds/Notifications/CompileStart_Cue.uasset" 142
"../../../Engine/Content/EditorSounds/Notifications/CompileSuccess_Cue.uasset" 143
"../../../Engine/Content/EditorSounds/Notifications/CompileFailed.uasset" 144
"../../../Engine/Content/EditorSounds/Notifications/CompileFailed_Cue.uasset" 145
"../../../Engine/Content/BufferVisualization/BaseColor.uasset" 146
"../../../Engine/Content/BufferVisualization/CustomDepth.uasset" 147
"../../../Engine/Content/Functions/Engine_MaterialFunctions02/Utility/MakeFloat2.uasset" 148
"../../../Engine/Content/Functions/Engine_MaterialFunctions02/Utility/MakeFloat3.uasset" 149
"../../../Engine/Content/EngineMaterials/MiniFont.uasset" 150
"../../../Engine/Content/BufferVisualization/CustomStencil.uasset" 151
"../../../Engine/Content/BufferVisualization/DecalMask.uasset" 152
"../../../Engine/Content/BufferVisualization/FinalImage.uasset" 153
"../../../Engine/Content/BufferVisualization/LightingModel.uasset" 154
"../../../Engine/Content/BufferVisualization/MaterialAO.uasset" 155
"../../../Engine/Content/BufferVisualization/Metallic.uasset" 156
"../../../Engine/Content/BufferVisualization/Opacity.uasset" 157
"../../../Engine/Content/BufferVisualization/Roughness.uasset" 158
"../../../Engine/Content/BufferVisualization/SceneColor.uasset" 159
"../../../Engine/Content/BufferVisualization/SceneDepth.uasset" 160
"../../../Engine/Content/BufferVisualization/SeparateTranslucencyRGB.uasset" 161
"../../../Engine/Content/BufferVisualization/SeparateTranslucencyA.uasset" 162
"../../../Engine/Content/BufferVisualization/Specular.uasset" 163
"../../../Engine/Content/BufferVisualization/SubsurfaceColor.uasset" 164
"../../../Engine/Content/BufferVisualization/WorldNormal.uasset" 165
"../../../Engine/Content/BufferVisualization/AmbientOcclusion.uasset" 166
"../../../Engine/Content/Functions/Engine_MaterialFunctions02/Utility/VectorLength.uasset" 167
"../../../Engine/Content/BufferVisualization/CustomDepthWorldUnits.uasset" 168
"../../../Engine/Content/BufferVisualization/SceneDepthWorldUnits.uasset" 169
"../../../Engine/Plugins/Runtime/LeapMotionController/Content/LM_CapsuleMesh.uasset" 170
"../../../Engine/Plugins/Runtime/LeapMotionController/Content/LM_TorusMesh.uasset" 171
"../../../Engine/Plugins/Runtime/LeapMotionController/Content/LM_HandColor.uasset" 172
"../../../Engine/Plugins/Runtime/LeapMotionController/Content/LM_SampleDistortion.uasset" 173
"../../../Engine/Plugins/Runtime/LeapMotionController/Content/LM_TestTexture.uasset" 174
"../../../Engine/Plugins/Runtime/LeapMotionController/Content/LM_PassthroughMaterial.uasset" 175
"../../../Engine/Content/EngineMaterials/HighResolutionScreenshotMaskFunction.uasset" 176
"../../../Engine/Content/EngineMaterials/HighResScreenshot.uasset" 177
"../../../Engine/Content/EngineMaterials/HighResScreenshotMask.uasset" 178
"../../../Engine/Content/EngineMaterials/HighResScreenshotCaptureRegion.uasset" 179
"../../../Engine/Content/EngineDebugMaterials/WireframeMaterial.uasset" 180
"../../../Engine/Content/Functions/Engine_MaterialFunctions01/Shading/ConvertFromDiffSpec.uasset" 181
"../../../Engine/Content/EngineDebugMaterials/LevelColorationLitMaterial.uasset" 182
"../../../Engine/Content/EngineDebugMaterials/LevelColorationUnlitMaterial.uasset" 183
"../../../Engine/Content/EngineMaterials/DefaultWhiteGrid.uasset" 184
"../../../Engine/Content/EngineDebugMaterials/MAT_LevelColorationLitLightmapUV.uasset" 185
"../../../Engine/Content/EngineDebugMaterials/ShadedLevelColorationLitMaterial.uasset" 186
"../../../Engine/Content/EngineDebugMaterials/ShadedLevelColorationUnlitMateri.uasset" 187
"../../../Engine/Content/EngineDebugMaterials/VertexColorMaterial.uasset" 188
"../../../Engine/Content/EngineDebugMaterials/VertexColorViewMode_ColorOnly.uasset" 189
"../../../Engine/Content/EngineDebugMaterials/VertexColorViewMode_AlphaAsColor.uasset" 190
"../../../Engine/Content/EngineDebugMaterials/VertexColorViewMode_RedOnly.uasset" 191
"../../../Engine/Content/EngineDebugMaterials/VertexColorViewMode_GreenOnly.uasset" 192
"../../../Engine/Content/EngineDebugMaterials/VertexColorViewMode_BlueOnly.uasset" 193
"../../../Engine/Content/EngineMaterials/RemoveSurfaceMaterial.uasset" 194
"../../../Engine/Content/EngineDebugMaterials/DebugMeshMaterial.uasset" 195
"../../../Engine/Content/EngineMaterials/InvalidLightmapSettings.uasset" 196
"../../../Engine/Content/EngineMaterials/M_InvalidLightmapSettings.uasset" 197
"../../../Engine/Content/EditorMaterials/GizmoMaterial.uasset" 198
"../../../Engine/Content/EngineDebugMaterials/GeomMaterial.uasset" 199
"../../../Engine/Content/EngineMaterials/EditorBrushMaterial.uasset" 200
"../../../Engine/Content/EngineDebugMaterials/HeatmapGradient.uasset" 201
"../../../Engine/Content/EngineDebugMaterials/BoneWeightMaterial.uasset" 202
"../../../Engine/Content/EditorMaterials/PreviewShadowIndicator.uasset" 203
"../../../Engine/Content/EditorMaterials/PreviewShadowIndicatorMaterial.uasset" 204
"../../../Engine/Content/EditorMaterials/PhAT_JointLimitMaterial.uasset" 205
"../../../Engine/Content/EditorResources/BSPVertex.uasset" 206
"../../../Engine/Content/EngineMaterials/Good64x64TilingNoiseHighFreq.uasset" 207
"../../../Engine/Content/EngineMaterials/DefaultBokeh.uasset" 208
"../../../Engine/Content/EngineMaterials/PreintegratedSkinBRDF.uasset" 209
"../../../Engine/Content/EngineMaterials/WeightMapPlaceholderTexture.uasset" 210
"../../../Engine/Content/EngineFonts/RobotoTiny.uasset" 211
"../../../Engine/Content/Tutorial/Basics/TutorialAssets/icon_tab_Levels_40x.uasset" 212
"../../../Engine/Content/Tutorial/Basics/LevelEditorOverview.uasset" 213
"../../../Engine/Content/Tutorial/Basics/LevelEditorAttract.uasset" 214
"../../../Engine/Content/Tutorial/ContentIntroCurve.uasset" 215
"../../../Engine/Content/EditorMaterials/Cross.uasset" 216
"../../../Engine/Content/EditorMaterials/Cross_Mat.uasset" 217
"../../../Engine/Content/EditorMaterials/PhAT_BoneSelectedMaterial.uasset" 218
"../../../Engine/Content/EditorMaterials/PhAT_ElemSelectedMaterial.uasset" 219
"../../../Engine/Content/EditorMaterials/PhAT_NoCollisionMaterial.uasset" 220
"../../../Engine/Content/EditorMaterials/PhAT_UnselectedMaterial.uasset" 221
"../../../Engine/Content/EditorMaterials/Tick.uasset" 222
"../../../Engine/Content/EditorMaterials/Tick_Mat.uasset" 223
"../../../Engine/Content/EditorMaterials/WidgetGridVertexColorMaterial.uasset" 224
"../../../Engine/Content/EditorMaterials/WidgetGridVertexColorMaterial_Ma.uasset" 225
"../../../Engine/Content/EditorMaterials/WidgetMaterial.uasset" 226
"../../../Engine/Content/EditorMaterials/WidgetMaterial_Current.uasset" 227
"../../../Engine/Content/EditorMaterials/WidgetMaterial_X.uasset" 228
"../../../Engine/Content/EditorMaterials/WidgetMaterial_Y.uasset" 229
"../../../Engine/Content/EditorMaterials/WidgetMaterial_Z.uasset" 230
"../../../Engine/Content/EditorMaterials/WidgetVertexColorMaterial.uasset" 231
"../../../Engine/Content/EditorMaterials/CompositeARGBLayer.uasset" 232
"../../../Engine/Content/EditorMaterials/TilingAALineIntegral.uasset" 233
"../../../Engine/Content/EditorMaterials/TilingAALineBoxFiltered.uasset" 234
"../../../Engine/Content/Functions/Engine_MaterialFunctions03/Procedurals/ComputeFilterWidth.uasset" 235
"../../../Engine/Content/EditorMaterials/TilingAADots.uasset" 236
"../../../Engine/Content/EditorMaterials/Cascade/CASC_Cross.uasset" 237
"../../../Engine/Content/EditorMaterials/Cascade/CASC_None.uasset" 238
"../../../Engine/Content/Functions/Engine_MaterialFunctions03/Blends/Blend_Screen.uasset" 239
"../../../Engine/Content/EditorMaterials/TilingAAGrid.uasset" 240
"../../../Engine/Content/EditorMaterials/LevelGridMaterial.uasset" 241
"../../../Engine/Content/EditorResources/SmallFont.uasset" 242
"../../../Engine/Content/EditorResources/S_KBSJoint.uasset" 243
"../../../Engine/Content/EditorResources/S_KHinge.uasset" 244
"../../../Engine/Content/EditorResources/S_KPrismatic.uasset" 245
"../../../Engine/Content/EditorResources/LightIcons/S_LightError.uasset" 246
"../../../Engine/Content/EditorResources/Spline/T_Loft_Spline.uasset" 247
"../../../Engine/Content/EngineMaterials/BlinkingCaret.uasset" 248
"../../../Engine/Content/EngineMaterials/DefaultNormal.uasset" 249
"../../../Engine/Content/EngineMaterials/Grid_N.uasset" 250
"../../../Engine/Content/EngineMaterials/LandscapeHolePhysicalMaterial.uasset" 251
"../../../Engine/Content/EngineMaterials/PaperDiffuse.uasset" 252
"../../../Engine/Content/EngineMaterials/PaperNormal.uasset" 253
"../../../Engine/Content/EngineMaterials/PhysMat_Rubber.uasset" 254
"../../../Engine/Content/EngineFonts/SmallFont.uasset" 255
"../../../Engine/Content/EngineFonts/TinyFont.uasset" 256
"../../../Engine/Content/EngineResources/StreamingPauseIcon.uasset" 257
"../../../Engine/Content/EngineResources/M_StreamingPause.uasset" 258
"../../../VRISprototype/Content/StarterContent/Textures/T_Fire_SubUV.uasset" 259
"../../../VRISprototype/Content/StarterContent/Textures/T_Fire_Tiled_D.uasset" 260
"../../../VRISprototype/Content/StarterContent/Particles/Materials/M_Fire_SubUV.uasset" 261
"../../../VRISprototype/Content/StarterContent/Blueprints/Assets/M_LightStage_Arrows.uasset" 262
"../../../VRISprototype/Content/StarterContent/Textures/T_Ground_Grass_D.uasset" 263
"../../../VRISprototype/Content/StarterContent/Textures/T_Ground_Grass_N.uasset" 264
"../../../VRISprototype/Content/StarterContent/Materials/M_Ground_Grass.uasset" 265
"../../../Engine/Content/Tutorial/SubEditors/StaticMeshEditorTutorial.uasset" 266
"../../../Engine/Content/Tutorial/SubEditors/TutorialAssets/icon_ShowSkeletalMeshes_40x.uasset" 267
"../../../Engine/Content/Tutorial/SubEditors/PersonaAnimBlueprintEditorWalkthrough.uasset" 268
"../../../Engine/Content/Tutorial/SubEditors/PersonaAnimEditorWalkthrough.uasset" 269
"../../../Engine/Content/Tutorial/SubEditors/SkeletonModeWalkthrough.uasset" 270
"../../../Engine/Content/Tutorial/SubEditors/SkeletalMeshEditorWalkthrough.uasset" 271
"../../../Engine/Content/Tutorial/SubEditors/PersonaWalkthrough.uasset" 272
"../../../Engine/Content/Tutorial/SubEditors/ParticleSystemEditorTutorial.uasset" 273
"../../../Engine/Content/Tutorial/SubEditors/MaterialEditorTutorial.uasset" 274
"../../../Engine/Content/Tutorial/SubEditors/DestructibleMeshEditorTutorial.uasset" 275
"../../../Engine/Content/Tutorial/Paper2D/TutorialAssets/Paper2DSprite_TutorialIcon.uasset" 276
"../../../Engine/Content/Tutorial/Paper2D/SpriteEditorTutorial.uasset" 277
"../../../Engine/Content/Tutorial/Paper2D/TutorialAssets/Paper2DFlipbook_TutorialIcon.uasset" 278
"../../../Engine/Content/Tutorial/Paper2D/FlipbookEditorTutorial.uasset" 279
"../../../Engine/Content/Tutorial/Mobile/TutorialAssets/IOS.uasset" 280
"../../../Engine/Content/Tutorial/Mobile/CreatingSigningCertAndProvisionTutorial.uasset" 281
"../../../Engine/Content/Tutorial/Landscape/TutorialAssets/Landscape.uasset" 282
"../../../Engine/Content/Tutorial/Landscape/Landscape_Painting_Mode.uasset" 283
"../../../Engine/Content/Tutorial/Landscape/Landscape_Sculpt_Mode.uasset" 284
"../../../Engine/Content/Tutorial/Landscape/Landscape_Manage_Mode.uasset" 285
"../../../Engine/Content/Tutorial/Landscape/LandscapeWalkThrough.uasset" 286
"../../../Engine/Content/Tutorial/BlueprintTutorials/TutorialAssets/Blueprint_64x.uasset" 287
"../../../Engine/Content/Tutorial/InWorldBlueprintEditing/IWBE_Tutorial_Part3.uasset" 288
"../../../Engine/Content/Tutorial/InWorldBlueprintEditing/TutorialAssets/IWBE_Bridge2.uasset" 289
"../../../Engine/Content/Tutorial/InWorldBlueprintEditing/IWBE_Tutorial_Part2.uasset" 290
"../../../Engine/Content/Tutorial/InWorldBlueprintEditing/TutorialAssets/IWBE_Bridge1.uasset" 291
"../../../Engine/Content/Tutorial/InWorldBlueprintEditing/IWBE_Tutorial.uasset" 292
"../../../Engine/Content/Tutorial/Installation/InstallingXCodeTutorial.uasset" 293
"../../../Engine/Content/Tutorial/Installation/InstallingVisualStudioTutorial.uasset" 294
"../../../Engine/Content/Tutorial/Foliage/TutorialAssets/Foliage.uasset" 295
"../../../Engine/Content/Tutorial/Foliage/Foliage_Settings_Tutorial.uasset" 296
"../../../Engine/Content/Tutorial/Foliage/Foliage_Using_The_Tool_Tutorial.uasset" 297
"../../../Engine/Content/Tutorial/Foliage/Foliage_Intro_Tutorial.uasset" 298
"../../../Engine/Content/Tutorial/Foliage/FoliageWalkThrough.uasset" 299
"../../../Engine/Content/Tutorial/Code/AddingCode.uasset" 300
"../../../Engine/Content/Tutorial/BlueprintTutorials/LevelBlueprintEditorOverview.uasset" 301
"../../../Engine/Content/Tutorial/BlueprintTutorials/ClassBlueprintsEditorOverview.uasset" 302
"../../../Engine/Content/Tutorial/BlueprintTutorials/TutorialAssets/BlueprintMacroLibrary_64x.uasset" 303
"../../../Engine/Content/Tutorial/BlueprintTutorials/TutorialAssets/Tutorial_BP_MacroLib.uasset" 304
"../../../Engine/Content/Tutorial/BlueprintTutorials/BlueprintMacroLibrariesEditorOverview.uasset" 305
"../../../Engine/Content/Tutorial/BlueprintTutorials/TutorialAssets/BlueprintInterface_64x.uasset" 306
"../../../Engine/Content/Tutorial/BlueprintTutorials/BlueprintInterfacesEditorOverview.uasset" 307
"../../../Engine/Content/Tutorial/BlueprintTutorials/BlueprintEditorTutorial.uasset" 308
"../../../Engine/Content/Tutorial/Basics/TutorialAssets/CameraActor_64x.uasset" 309
"../../../Engine/Content/Tutorial/Basics/ViewportsTutorial.uasset" 310
"../../../Engine/Content/Tutorial/Basics/ContentBrowserOverview.uasset" 311
"../../../Engine/Content/Tutorial/SubEditors/TutorialAssets/icon_Editor_Preferences_General_40x.uasset" 312
"../../../Engine/Content/EditorLandscapeResources/LandscapeThumbnailHeightmap.uasset" 313
"../../../Engine/Content/EditorLandscapeResources/LandscapeThumbnailWeightmap.uasset" 314
"../../../Engine/Content/EditorLandscapeResources/DefaultAlphaTexture.uasset" 315
"../../../Engine/Content/EditorLandscapeResources/MaskBrushMaterial.uasset" 316
"../../../Engine/Content/EditorLandscapeResources/MaskBrushMaterial_Gizmo.uasset" 317
"../../../Engine/Content/EditorLandscapeResources/CircleBrushMaterial.uasset" 318
"../../../Engine/Content/EditorLandscapeResources/PatternBrushMaterial_Smooth.uasset" 319
"../../../Engine/Content/EditorLandscapeResources/AlphaBrushMaterial.uasset" 320
"../../../Engine/Content/EditorLandscapeResources/AlphaBrushMaterial_Smooth.uasset" 321
"../../../Engine/Content/EditorLandscapeResources/CircleBrushMaterial_Tip.uasset" 322
"../../../Engine/Content/EditorLandscapeResources/CircleBrushMaterial_Spherical.uasset" 323
"../../../Engine/Content/EditorLandscapeResources/CircleBrushMaterial_Linear.uasset" 324
"../../../Engine/Content/EditorLandscapeResources/CircleBrushMaterial_Smooth.uasset" 325
"../../../Engine/Content/Functions/Engine_MaterialFunctions01/Gradient/RadialGradient.uasset" 326
"../../../Engine/Content/EditorLandscapeResources/FlattenHeightMat.uasset" 327
"../../../Engine/Content/EditorLandscapeResources/FlattenPlaneMesh.uasset" 328
"../../../Engine/Content/EditorLandscapeResources/MaskBrushMaterial_MaskedRegion.uasset" 329
"../../../Engine/Content/EditorLandscapeResources/WhiteSquareTexture.uasset" 330
"../../../Engine/Content/EditorLandscapeResources/SelectBrushMaterial.uasset" 331
"../../../Engine/Content/EditorLandscapeResources/SelectBrushMaterial_SelectedRegion.uasset" 332
"../../../Engine/Content/EditorLandscapeResources/SelectBrushMaterial_Selected.uasset" 333
"../../../Engine/Content/ArtTools/RenderToTexture/Enums/RenderToTexture_Imposter_Enum.uasset" 334
"../../../Engine/Content/ArtTools/RenderToTexture/Enums/RenderToTexture_Flipbook_Enum.uasset" 335
"../../../VRISprototype/Content/StarterContent/Textures/T_Burst_M.uasset" 336
"../../../VRISprototype/Content/StarterContent/Particles/Materials/M_Burst.uasset" 337
"../../../VRISprototype/Content/StarterContent/Textures/T_Brick_Hewn_Stone_D.uasset" 338
"../../../VRISprototype/Content/StarterContent/Textures/T_Brick_Hewn_Stone_M.uasset" 339
"../../../VRISprototype/Content/StarterContent/Textures/T_Brick_Hewn_Stone_N.uasset" 340
"../../../VRISprototype/Content/StarterContent/Textures/T_Detail_Rocky_N.uasset" 341
"../../../VRISprototype/Content/StarterContent/Materials/M_Brick_Hewn_Stone.uasset" 342
"../../../Engine/Content/Functions/Engine_MaterialFunctions01/ImageAdjustment/BlurSampleOffsets.uasset" 343
"../../../Engine/Content/Functions/Engine_MaterialFunctions02/SampleSceneDepth.uasset" 344
"../../../Engine/Content/Functions/Engine_MaterialFunctions02/Utility/LinearSine.uasset" 345
"../../../Engine/Content/Functions/Engine_MaterialFunctions02/Texturing/WorldPositionWithScale.uasset" 346
"../../../Engine/Content/Functions/Engine_MaterialFunctions02/Utility/CameraDirectionVector.uasset" 347
"../../../Engine/Content/Functions/Engine_MaterialFunctions02/UVs/WorldPositionBehindTranslucency.uasset" 348
"../../../Engine/Content/Functions/Engine_MaterialFunctions02/WorldPositionOffset/ObjectScale.uasset" 349
"../../../Engine/Content/EditorLandscapeResources/FoliageBrushSphereMaterial.uasset" 350
"../../../VRISprototype/Content/StarterContent/Textures/T_Brick_Cut_Stone_D.uasset" 351
"../../../VRISprototype/Content/StarterContent/Textures/T_Brick_Cut_Stone_N.uasset" 352
"../../../VRISprototype/Content/StarterContent/Materials/M_Brick_Cut_Stone.uasset" 353
"../../../Engine/Content/EditorSounds/GamePreview/EndPlayInEditor.uasset" 354
"../../../Engine/Content/EditorSounds/GamePreview/EndPlayInEditor_Cue.uasset" 355
"../../../VRISprototype/Content/StarterContent/Textures/T_CobbleStone_Rough_D.uasset" 356
"../../../VRISprototype/Content/StarterContent/Textures/T_CobbleStone_Rough_N.uasset" 357
"../../../VRISprototype/Content/StarterContent/Textures/T_Gradinet_01.uasset" 358
"../../../VRISprototype/Content/StarterContent/Textures/T_Rock_Smooth_Granite_D.uasset" 359
"../../../VRISprototype/Content/StarterContent/Materials/M_CobbleStone_Rough.uasset" 360
"../../../Engine/Content/EditorLandscapeResources/LayerVisMaterial.uasset" 361
"../../../VRISprototype/Content/StarterContent/Textures/T_Brick_Clay_Old_D.uasset" 362
"../../../VRISprototype/Content/StarterContent/Textures/T_Brick_Clay_Old_N.uasset" 363
"../../../VRISprototype/Content/StarterContent/Materials/M_Brick_Clay_Old.uasset" 364
"../../../VRISprototype/Content/StarterContent/Textures/T_Ceramic_Tile_M.uasset" 365
"../../../VRISprototype/Content/StarterContent/Textures/T_Ceramic_Tile_N.uasset" 366
"../../../VRISprototype/Content/StarterContent/Textures/T_Rock_Marble_Polished_D.uasset" 367
"../../../VRISprototype/Content/StarterContent/Materials/M_Ceramic_Tile_Checker.uasset" 368
"../../../Engine/Content/MobileResources/T_MobileMenu2.uasset" 369
"../../../Engine/Content/EditorSounds/GamePreview/StartPlayInEditor.uasset" 370
"../../../Engine/Content/EditorSounds/GamePreview/StartPlayInEditor_Cue.uasset" 371
"../../../VRISprototype/Content/StarterContent/Textures/T_Brick_Clay_New_D.uasset" 372
"../../../VRISprototype/Content/StarterContent/Textures/T_Brick_Clay_New_M.uasset" 373
"../../../VRISprototype/Content/StarterContent/Textures/T_Brick_Clay_New_N.uasset" 374
"../../../VRISprototype/Content/StarterContent/Materials/M_Brick_Clay_New.uasset" 375
"../../../VRISprototype/Content/Material_001.uasset" 376
"../../../VRISprototype/Content/ConcreteWall.uasset" 377
"../../../VRISprototype/Content/StarterContent/Textures/T_Brick_Clay_Beveled_D.uasset" 378
"../../../VRISprototype/Content/StarterContent/Textures/T_Brick_Clay_Beveled_M.uasset" 379
"../../../VRISprototype/Content/StarterContent/Textures/T_Brick_Clay_Beveled_N.uasset" 380
"../../../VRISprototype/Content/StarterContent/Materials/M_Brick_Clay_Beveled.uasset" 381
"../../../Engine/Content/ArtTools/RenderToTexture/Enums/RenderToTexture_Enum.uasset" 382
"../../../Engine/Content/MobileResources/HUD/MobileHUDDirectionPad.uasset" 383
"../../../Engine/Content/MobileResources/HUD/T_Castle_ThumbstickInner.uasset" 384
"../../../VRISprototype/Content/StarterContent/Materials/M_Metal_Brushed_Nickel.uasset" 385
"../../../VRISprototype/Content/StarterContent/Textures/T_Metal_Aluminum_D.uasset" 386
"../../../VRISprototype/Content/StarterContent/Textures/T_Metal_Gold_N.uasset" 387
"../../../VRISprototype/Content/StarterContent/Materials/M_Metal_Burnished_Steel.uasset" 388
"../../../VRISprototype/Content/StarterContent/Textures/T_Metal_Copper_D.uasset" 389
"../../../VRISprototype/Content/StarterContent/Materials/M_Metal_Copper.uasset" 390
"../../../VRISprototype/Content/StarterContent/Materials/M_Basic_Floor.uasset" 391
"../../../VRISprototype/Content/StarterContent/Architecture/Floor_400x400.uasset" 392
"../../../VRISprototype/Content/StarterContent/Audio/Starter_Birds01.uasset" 393
"../../../VRISprototype/Content/StarterContent/Audio/Starter_Wind05.uasset" 394
"../../../VRISprototype/Content/StarterContent/Audio/Starter_Wind06.uasset" 395
"../../../VRISprototype/Content/StarterContent/Audio/Starter_Background_Cue.uasset" 396
"../../../VRISprototype/Content/StarterContent/Textures/T_Chair_M.uasset" 397
"../../../VRISprototype/Content/StarterContent/Textures/T_Chair_N.uasset" 398
"../../../VRISprototype/Content/StarterContent/Props/Materials/M_Chair.uasset" 399
"../../../VRISprototype/Content/StarterContent/Props/SM_Chair.uasset" 400
"../../../VRISprototype/Content/StarterContent/Textures/T_TableRound_M.uasset" 401
"../../../VRISprototype/Content/StarterContent/Textures/T_TableRound_N.uasset" 402
"../../../VRISprototype/Content/StarterContent/Props/Materials/M_TableRound.uasset" 403
"../../../VRISprototype/Content/StarterContent/Props/SM_TableRound.uasset" 404
"../../../Engine/Content/EditorResources/EmptyActor.uasset" 405
"../../../Engine/Content/EditorResources/AudioIcons/S_AudioComponent_AutoActivate.uasset" 406
"../../../Engine/Content/BasicShapes/Sphere.uasset" 407
"../../../Engine/Content/BasicShapes/Cylinder.uasset" 408
"../../../Engine/Content/BasicShapes/Cone.uasset" 409
"../../../Engine/Content/EditorMaterials/MakeCompositeARGBLayer.uasset" 410
"../../../Engine/Content/EditorResources/LevelGrid1DStripes.uasset" 411
"../../../Engine/Content/EditorMaterials/TextureGridCascaded1D.uasset" 412
"../../../Engine/Content/EditorMaterials/TextureGridCascaded2D.uasset" 413
"../../../Engine/Content/EditorMaterials/LevelGridMaterial2.uasset" 414
"../../../VRISprototype/Content/StarterContent/Textures/T_Dust_Particle_D.uasset" 415
"../../../VRISprototype/Content/StarterContent/Particles/Materials/M_Dust_Particle.uasset" 416
"../../../VRISprototype/Content/StarterContent/Textures/T_Concrete_Panels_D.uasset" 417
"../../../VRISprototype/Content/StarterContent/Textures/T_Concrete_Panels_N.uasset" 418
"../../../VRISprototype/Content/StarterContent/Materials/M_Concrete_Panels.uasset" 419
"../../../Engine/Content/EditorMeshes/ColorCalibrator/T_ColorGrid.uasset" 420
"../../../VRISprototype/Content/StarterContent/Materials/M_ColorGrid_LowSpec.uasset" 421
"../../../VRISprototype/Content/StarterContent/Textures/T_Concrete_Grime_D.uasset" 422
"../../../VRISprototype/Content/StarterContent/Textures/T_Metal_Rust_N.uasset" 423
"../../../VRISprototype/Content/StarterContent/Materials/M_Concrete_Grime.uasset" 424
"../../../VRISprototype/Content/StarterContent/Textures/T_CobbleStone_Pebble_D.uasset" 425
"../../../VRISprototype/Content/StarterContent/Textures/T_CobbleStone_Pebble_M.uasset" 426
"../../../VRISprototype/Content/StarterContent/Textures/T_CobbleStone_Pebble_N.uasset" 427
"../../../VRISprototype/Content/StarterContent/Materials/M_CobbleStone_Pebble.uasset" 428
"../../../VRISprototype/Content/StarterContent/Textures/T_CobbleStone_Smooth_D.uasset" 429
"../../../VRISprototype/Content/StarterContent/Textures/T_CobbleStone_Smooth_M.uasset" 430
"../../../VRISprototype/Content/StarterContent/Textures/T_CobbleStone_Smooth_N.uasset" 431
"../../../VRISprototype/Content/StarterContent/Materials/M_CobbleStone_Smooth.uasset" 432
"../../../Engine/Content/ArtTools/RenderToTexture/Enums/EFloatTypes.uasset" 433
"../../../Engine/Content/ArtTools/RenderToTexture/Macros/RenderToTextureMacros.uasset" 434
"../../../Engine/Content/EditorBlueprintResources/ActorMacros.uasset" 435
"../../../VRISprototype/Content/StarterContent/Materials/M_Basic_Wall.uasset" 436
"../../../Engine/Content/EditorMaterials/GridMaterial.uasset" 437
"../../../Engine/Content/EditorMeshes/PhAT_FloorBox.uasset" 438
"../../../Engine/Content/EditorMaterials/AntialiasedGridFloor.uasset" 439
"../../../Engine/Content/EditorResources/TilePatine_D.uasset" 440
"../../../Engine/Content/EditorResources/TilePatine_N.uasset" 441
"../../../Engine/Content/EditorMaterials/PersonaFloorMat.uasset" 442
"../../../Engine/Content/MobileResources/HUD/MobileHUDDirectionStick.uasset" 443
"../../../VRISprototype/Content/StarterContent/Materials/M_Glass.uasset" 444
"../../../VRISprototype/Content/StarterContent/Textures/T_Metal_Gold_D.uasset" 445
"../../../VRISprototype/Content/StarterContent/Materials/M_Metal_Gold.uasset" 446
"../../../VRISprototype/Content/StarterContent/Textures/T_Rock_Sandstone_D.uasset" 447
"../../../VRISprototype/Content/StarterContent/Textures/T_Rock_Sandstone_N.uasset" 448
"../../../VRISprototype/Content/StarterContent/Materials/M_Rock_Sandstone.uasset" 449
"../../../VRISprototype/Content/StarterContent/Textures/T_Metal_Steel_D.uasset" 450
"../../../VRISprototype/Content/StarterContent/Textures/T_Tech_Panel_M.uasset" 451
"../../../VRISprototype/Content/StarterContent/Textures/T_Tech_Panel_N.uasset" 452
"../../../VRISprototype/Content/StarterContent/Materials/M_Tech_Panel.uasset" 453
"../../../VRISprototype/Content/StarterContent/Textures/T_Water_M.uasset" 454
"../../../VRISprototype/Content/StarterContent/Textures/T_Water_N.uasset" 455
"../../../VRISprototype/Content/StarterContent/Materials/M_Water_Ocean.uasset" 456
"../../../VRISprototype/Content/StarterContent/Materials/M_Water_Lake.uasset" 457
"../../../Engine/Content/Functions/Engine_MaterialFunctions01/Opacity/AlphaOffset.uasset" 458
"../../../VRISprototype/Content/StarterContent/Textures/T_Wood_Floor_Walnut_D.uasset" 459
"../../../VRISprototype/Content/StarterContent/Textures/T_Wood_Floor_Walnut_M.uasset" 460
"../../../VRISprototype/Content/StarterContent/Textures/T_Wood_Floor_Walnut_N.uasset" 461
"../../../VRISprototype/Content/StarterContent/Materials/M_Wood_Floor_Walnut_Worn.uasset" 462
"../../../VRISprototype/Content/StarterContent/Textures/T_Wood_Oak_D.uasset" 463
"../../../VRISprototype/Content/StarterContent/Textures/T_Wood_Oak_N.uasset" 464
"../../../VRISprototype/Content/StarterContent/Materials/M_Wood_Oak.uasset" 465
"../../../VRISprototype/Content/StarterContent/Textures/T_Wood_Pine_D.uasset" 466
"../../../VRISprototype/Content/StarterContent/Textures/T_Wood_Pine_N.uasset" 467
"../../../VRISprototype/Content/StarterContent/Materials/M_Wood_Pine.uasset" 468
"../../../VRISprototype/Content/StarterContent/Textures/T_Wood_Walnut_D.uasset" 469
"../../../VRISprototype/Content/StarterContent/Textures/T_Wood_Walnut_N.uasset" 470
"../../../VRISprototype/Content/StarterContent/Materials/M_Wood_Walnut.uasset" 471
"../../../Engine/Content/MobileResources/HUD/MobileHUDButton1_off.uasset" 472
"../../../Engine/Content/MobileResources/HUD/MobileHUDButton3.uasset" 473
"../../../VRISprototype/Content/StarterContent/Materials/M_Wood_Floor_Walnut_Polished.uasset" 474
"../../../VRISprototype/Content/StarterContent/Textures/T_ground_Moss_D.uasset" 475
"../../../VRISprototype/Content/StarterContent/Textures/T_Ground_Moss_N.uasset" 476
"../../../VRISprototype/Content/StarterContent/Materials/M_Ground_Moss.uasset" 477
"../../../VRISprototype/Content/StarterContent/Materials/M_Metal_Chrome.uasset" 478
"../../../VRISprototype/Content/StarterContent/Materials/M_Rock_Marble_Polished.uasset" 479
"../../../VRISprototype/Content/StarterContent/Textures/T_Concrete_Poured_D.uasset" 480
"../../../VRISprototype/Content/StarterContent/Textures/T_Concrete_Poured_N.uasset" 481
"../../../VRISprototype/Content/StarterContent/Materials/M_Concrete_Poured.uasset" 482
"../../../VRISprototype/Content/StarterContent/Textures/T_Rock_Basalt_D.uasset" 483
"../../../VRISprototype/Content/StarterContent/Textures/T_Rock_Basalt_N.uasset" 484
"../../../VRISprototype/Content/StarterContent/Materials/M_Rock_Basalt.uasset" 485
"../../../VRISprototype/Content/StarterContent/Textures/T_Metal_Steel_N.uasset" 486
"../../../VRISprototype/Content/StarterContent/Materials/M_Metal_Steel.uasset" 487
"../../../VRISprototype/Content/StarterContent/Textures/T_Metal_Rust_D.uasset" 488
"../../../VRISprototype/Content/StarterContent/Materials/M_Metal_Rust.uasset" 489
"../../../VRISprototype/Content/StarterContent/Materials/M_Tech_Hex_Tile_Pulse.uasset" 490
"../../../VRISprototype/Content/StarterContent/Textures/T_Frame_M.uasset" 491
"../../../VRISprototype/Content/StarterContent/Textures/T_Frame_N.uasset" 492
"../../../VRISprototype/Content/StarterContent/Props/Materials/M_Frame.uasset" 493
"../../../VRISprototype/Content/StarterContent/Props/SM_CornerFrame.uasset" 494
"../../../VRISprototype/Content/StarterContent/Textures/T_Bush_D.uasset" 495
"../../../VRISprototype/Content/StarterContent/Textures/T_Bush_N.uasset" 496
"../../../VRISprototype/Content/StarterContent/Props/Materials/M_Bush.uasset" 497
"../../../VRISprototype/Content/StarterContent/Props/SM_Bush.uasset" 498
"../../../Engine/Content/MobileResources/T_MobileControls_texture.uasset" 499
"../../../Engine/Content/MobileResources/HUD/AnalogHat.uasset" 500
"../../../Engine/Content/MobileResources/HUD/VirtualJoystick_Background.uasset" 501
"../../../Engine/Content/MobileResources/HUD/VirtualJoystick_Thumb.uasset" 502
"../../../Engine/Content/MobileResources/HUD/DefaultVirtualJoysticks.uasset" 503
"../../../Engine/Content/MobileResources/HUD/LeftVirtualJoystickOnly.uasset" 504
"../../../Engine/Content/MobileResources/HUD/MobileHUDButton1_on.uasset" 505
"../../../Engine/Content/MobileResources/HUD/MobileHUDButton2_on.uasset" 506
"../../../Engine/Content/MobileResources/HUD/MobileHUDButtonFire.uasset" 507
"../../../Engine/Content/MobileResources/HUD/MobileHUDDirectionPad2.uasset" 508
"../../../Engine/Content/MobileResources/HUD/T_Castle_ThumbstickOutter.uasset" 509
"../../../Engine/Content/MobileResources/HUD/MobileHUDDirectionPad3.uasset" 510
"../../../Engine/Content/MobileResources/HUD/MobileHUDButton2_off.uasset" 511
